{"contracts\\journalList.sol":{"l":{"32":0,"33":0,"37":0,"43":0,"47":0,"55":0,"63":0,"64":0,"74":0,"75":0,"76":0,"78":0,"87":0,"88":0,"89":0,"90":0},"path":"C:\\Users\\Enrico\\Desktop\\Projects\\x20132484_BAD_CA1\\contracts\\journalList.sol","s":{"1":0,"2":0,"3":0,"4":0,"5":0,"6":0,"7":0,"8":0,"9":0,"10":0,"11":0,"12":0,"13":0},"b":{"1":[0,0],"2":[0,0],"3":[0,0]},"f":{"1":0,"2":0,"3":0,"4":0,"5":0},"fnMap":{"1":{"name":"emptyString","line":31,"loc":{"start":{"line":31,"column":4},"end":{"line":38,"column":4}}},"2":{"name":"validScore","line":42,"loc":{"start":{"line":42,"column":4},"end":{"line":48,"column":4}}},"3":{"name":"newEntry","line":54,"loc":{"start":{"line":50,"column":4},"end":{"line":71,"column":4}}},"4":{"name":"showListEntries","line":73,"loc":{"start":{"line":73,"column":4},"end":{"line":79,"column":4}}},"5":{"name":"updateEntry","line":81,"loc":{"start":{"line":81,"column":4},"end":{"line":91,"column":4}}}},"statementMap":{"1":{"start":{"line":32,"column":8},"end":{"line":32,"column":78}},"2":{"start":{"line":33,"column":8},"end":{"line":33,"column":919}},"3":{"start":{"line":43,"column":8},"end":{"line":43,"column":1227}},"4":{"start":{"line":55,"column":8},"end":{"line":55,"column":1535}},"5":{"start":{"line":64,"column":8},"end":{"line":64,"column":1764}},"6":{"start":{"line":74,"column":8},"end":{"line":74,"column":73}},"7":{"start":{"line":75,"column":8},"end":{"line":75,"column":2076}},"8":{"start":{"line":76,"column":12},"end":{"line":76,"column":42}},"9":{"start":{"line":78,"column":8},"end":{"line":78,"column":23}},"10":{"start":{"line":87,"column":8},"end":{"line":87,"column":41}},"11":{"start":{"line":88,"column":8},"end":{"line":88,"column":45}},"12":{"start":{"line":89,"column":8},"end":{"line":89,"column":41}},"13":{"start":{"line":90,"column":8},"end":{"line":90,"column":56}}},"branchMap":{"1":{"line":32,"type":"if","locations":[{"start":{"line":32,"column":8},"end":{"line":32,"column":8}},{"start":{"line":32,"column":8},"end":{"line":32,"column":8}}]},"2":{"line":33,"type":"if","locations":[{"start":{"line":33,"column":8},"end":{"line":33,"column":8}},{"start":{"line":33,"column":8},"end":{"line":33,"column":8}}]},"3":{"line":43,"type":"if","locations":[{"start":{"line":43,"column":8},"end":{"line":43,"column":8}},{"start":{"line":43,"column":8},"end":{"line":43,"column":8}}]}}}}