{
"contracts\\diaryList.sol":{"l":{"36":4,"37":4,"41":4,"47":4,"51":4,"60":4,"68":4,"69":4,"80":1,"81":1,"82":4,"84":1,"94":1,"95":1,"96":1,"97":1},"path":"C:\\Users\\Enrico\\Desktop\\Projects\\x20132484_BAD_CA1\\contracts\\diaryList.sol","s":{"1":4,"2":4,"3":4,"4":4,"5":4,"6":1,"7":1,"8":4,"9":1,"10":1,"11":1,"12":1,"13":1},"b":{"1":[4,0],"2":[4,0],"3":[4,0]},"f":{"1":4,"2":4,"3":4,"4":1,"5":1},"fnMap":{"1":{"name":"emptyString","line":35,"loc":{"start":{"line":35,"column":4},"end":{"line":42,"column":4}}},"2":{"name":"validScore","line":46,"loc":{"start":{"line":46,"column":4},"end":{"line":52,"column":4}}},"3":{"name":"newEntry","line":59,"loc":{"start":{"line":55,"column":4},"end":{"line":76,"column":4}}},"4":{"name":"showListEntries","line":79,"loc":{"start":{"line":79,"column":4},"end":{"line":85,"column":4}}},"5":{"name":"updateEntry","line":88,"loc":{"start":{"line":88,"column":4},"end":{"line":98,"column":4}}}},"statementMap":{"1":{"start":{"line":36,"column":8},"end":{"line":36,"column":78}},"2":{"start":{"line":37,"column":8},"end":{"line":37,"column":1037}},"3":{"start":{"line":47,"column":8},"end":{"line":47,"column":1344}},"4":{"start":{"line":60,"column":8},"end":{"line":60,"column":1708}},"5":{"start":{"line":69,"column":8},"end":{"line":69,"column":1933}},"6":{"start":{"line":80,"column":8},"end":{"line":80,"column":69}},"7":{"start":{"line":81,"column":8},"end":{"line":81,"column":2301}},"8":{"start":{"line":82,"column":12},"end":{"line":82,"column":40}},"9":{"start":{"line":84,"column":8},"end":{"line":84,"column":23}},"10":{"start":{"line":94,"column":8},"end":{"line":94,"column":39}},"11":{"start":{"line":95,"column":8},"end":{"line":95,"column":43}},"12":{"start":{"line":96,"column":8},"end":{"line":96,"column":39}},"13":{"start":{"line":97,"column":8},"end":{"line":97,"column":56}}},"branchMap":{"1":{"line":36,"type":"if","locations":[{"start":{"line":36,"column":8},"end":{"line":36,"column":8}},{"start":{"line":36,"column":8},"end":{"line":36,"column":8}}]},"2":{"line":37,"type":"if","locations":[{"start":{"line":37,"column":8},"end":{"line":37,"column":8}},{"start":{"line":37,"column":8},"end":{"line":37,"column":8}}]},"3":{"line":47,"type":"if","locations":[{"start":{"line":47,"column":8},"end":{"line":47,"column":8}},{"start":{"line":47,"column":8},"end":{"line":47,"column":8}}]}}}}
