TN:
SF:C:\Users\Enrico\Desktop\Projects\x20132484_BAD_CA1\contracts\diaryList.sol
FN:35,emptyString
FN:46,validScore
FN:59,newEntry
FN:79,showListEntries
FN:93,updateEntry
FNF:5
FNH:5
FNDA:5,emptyString
FNDA:5,validScore
FNDA:4,newEntry
FNDA:1,showListEntries
FNDA:1,updateEntry
DA:36,5
DA:37,5
DA:41,5
DA:47,5
DA:51,5
DA:60,4
DA:68,4
DA:69,4
DA:80,1
DA:81,1
DA:82,4
DA:84,1
DA:94,1
DA:95,1
DA:96,1
DA:97,1
LF:16
LH:16
BRDA:36,1,0,5
BRDA:36,1,1,0
BRDA:37,2,0,5
BRDA:37,2,1,0
BRDA:47,3,0,5
BRDA:47,3,1,0
BRF:6
BRH:3
end_of_record
