TN:
SF:C:\Users\Enrico\Desktop\Projects\x20132484_BAD_CA1\contracts\journalList.sol
FN:31,emptyString
FN:42,validScore
FN:54,newEntry
FN:73,showListEntries
FN:81,updateEntry
FNF:5
FNH:0
FNDA:0,emptyString
FNDA:0,validScore
FNDA:0,newEntry
FNDA:0,showListEntries
FNDA:0,updateEntry
DA:32,0
DA:33,0
DA:37,0
DA:43,0
DA:47,0
DA:55,0
DA:63,0
DA:64,0
DA:74,0
DA:75,0
DA:76,0
DA:78,0
DA:87,0
DA:88,0
DA:89,0
DA:90,0
LF:16
LH:0
BRDA:32,1,0,0
BRDA:32,1,1,0
BRDA:33,2,0,0
BRDA:33,2,1,0
BRDA:43,3,0,0
BRDA:43,3,1,0
BRF:6
BRH:0
end_of_record
